Primeira: 0
Terceira: 2
Quarta: 3
Sexta: 3
Lista de apostas:
0 - 0 - 2 - 3 - 3 - 3 - 4
0 - 0 - 2 - 3 - 3 - 3 - 5
0 - 0 - 2 - 3 - 3 - 3 - 6
0 - 0 - 2 - 3 - 3 - 3 - 7
0 - 0 - 2 - 3 - 3 - 3 - 8
0 - 0 - 2 - 3 - 3 - 3 - 9
0 - 1 - 2 - 3 - 3 - 3 - 3
0 - 1 - 2 - 3 - 3 - 3 - 4
0 - 1 - 2 - 3 - 3 - 3 - 5
0 - 1 - 2 - 3 - 3 - 3 - 6
0 - 1 - 2 - 3 - 3 - 3 - 7
0 - 1 - 2 - 3 - 3 - 3 - 8
0 - 2 - 2 - 3 - 3 - 3 - 3
0 - 2 - 2 - 3 - 3 - 3 - 4
0 - 2 - 2 - 3 - 3 - 3 - 5
0 - 2 - 2 - 3 - 3 - 3 - 6
0 - 2 - 2 - 3 - 3 - 3 - 7
0 - 2 - 2 - 3 - 3 - 3 - 9
