Primeira: 3
Terceira: 5
Quarta: 5
Sexta: 6
Lista de apostas:
3 - 3 - 5 - 5 - 5 - 6 - 6
3 - 3 - 5 - 5 - 5 - 6 - 7
3 - 3 - 5 - 5 - 5 - 6 - 9
3 - 3 - 5 - 5 - 6 - 6 - 6
3 - 3 - 5 - 5 - 6 - 6 - 8
3 - 3 - 5 - 5 - 6 - 6 - 9
3 - 4 - 5 - 5 - 5 - 6 - 6
3 - 4 - 5 - 5 - 5 - 6 - 8
3 - 4 - 5 - 5 - 5 - 6 - 9
3 - 4 - 5 - 5 - 6 - 6 - 7
3 - 4 - 5 - 5 - 6 - 6 - 8
3 - 4 - 5 - 5 - 6 - 6 - 9
3 - 5 - 5 - 5 - 5 - 6 - 7
3 - 5 - 5 - 5 - 5 - 6 - 8
3 - 5 - 5 - 5 - 5 - 6 - 9
3 - 5 - 5 - 5 - 6 - 6 - 6
3 - 5 - 5 - 5 - 6 - 6 - 7
3 - 5 - 5 - 5 - 6 - 6 - 8
